<?xml version="1.0" encoding="UTF-8"?>
<testng-results ignored="0" total="2" passed="2" failed="0" skipped="0">
  <reporter-output>
  </reporter-output>
  <suite started-at="2023-08-28T11:46:49 IST" name="Default suite" finished-at="2023-08-28T11:47:19 IST" duration-ms="29777">
    <groups>
    </groups>
    <test started-at="2023-08-28T11:46:49 IST" name="Default test" finished-at="2023-08-28T11:47:19 IST" duration-ms="29777">
      <class name="Automation.Orangehrmdemo">
        <test-method is-config="true" signature="bt1()[pri:0, instance:Automation.Orangehrmdemo@4e7912d8]" started-at="2023-08-28T11:46:49 IST" name="bt1" finished-at="2023-08-28T11:47:02 IST" duration-ms="12872" status="PASS">
          <reporter-output>
          </reporter-output>
        </test-method> <!-- bt1 -->
        <test-method signature="login()[pri:0, instance:Automation.Orangehrmdemo@4e7912d8]" started-at="2023-08-28T11:47:02 IST" name="login" finished-at="2023-08-28T11:47:03 IST" duration-ms="448" status="PASS">
          <reporter-output>
          </reporter-output>
        </test-method> <!-- login -->
        <test-method signature="admin()[pri:1, instance:Automation.Orangehrmdemo@4e7912d8]" started-at="2023-08-28T11:47:03 IST" name="admin" finished-at="2023-08-28T11:47:19 IST" duration-ms="16355" status="PASS">
          <reporter-output>
          </reporter-output>
        </test-method> <!-- admin -->
      </class> <!-- Automation.Orangehrmdemo -->
    </test> <!-- Default test -->
  </suite> <!-- Default suite -->
</testng-results>
